2022-08-22 10:36:05.589  INFO 18064 --- [main] c.e.blognpc.BlogNpcApplicationTests      : Starting BlogNpcApplicationTests using Java 11.0.16 on DESKTOP-GH2OOK7 with PID 18064 (started by NPC in D:\IdeaProjects\npc-blog)
2022-08-22 10:36:05.596  INFO 18064 --- [main] c.e.blognpc.BlogNpcApplicationTests      : No active profile set, falling back to 1 default profile: "default"
2022-08-22 10:36:06.678  INFO 18064 --- [main] o.s.c.a.ConfigurationClassEnhancer       : @Bean method SwaggerAutoConfiguration.docketBeanFactoryPostProcessor is non-static and returns an object assignable to Spring's BeanFactoryPostProcessor interface. This will result in a failure to process annotations such as @Autowired, @Resource and @PostConstruct within the method's declaring @Configuration class. Add the 'static' modifier to this method to avoid these container lifecycle issues; see @Bean javadoc for complete details.
2022-08-22 10:36:08.573  INFO 18064 --- [main] o.s.b.a.w.s.WelcomePageHandlerMapping    : Adding welcome page template: index
2022-08-22 10:36:09.179  WARN 18064 --- [main] s.d.s.w.r.parameter.ParameterTypeReader  : @ModelAttribute annotated parameters should have already been expanded via the ExpandedParameterBuilderPlugin
2022-08-22 10:36:09.180  WARN 18064 --- [main] s.d.s.w.r.parameter.ParameterTypeReader  : @ModelAttribute annotated parameters should have already been expanded via the ExpandedParameterBuilderPlugin
2022-08-22 10:36:09.180  WARN 18064 --- [main] s.d.s.w.r.parameter.ParameterTypeReader  : @ModelAttribute annotated parameters should have already been expanded via the ExpandedParameterBuilderPlugin
2022-08-22 10:36:09.222  INFO 18064 --- [main] c.e.blognpc.BlogNpcApplicationTests      : Started BlogNpcApplicationTests in 3.981 seconds (JVM running for 5.028)
2022-08-22 10:36:09.673  INFO 18064 --- [main] com.zaxxer.hikari.HikariDataSource       : HikariPool-1 - Starting...
2022-08-22 10:36:10.453  INFO 18064 --- [main] com.zaxxer.hikari.HikariDataSource       : HikariPool-1 - Start completed.
2022-08-22 10:36:10.524  INFO 18064 --- [SpringApplicationShutdownHook] com.zaxxer.hikari.HikariDataSource       : HikariPool-1 - Shutdown initiated...
2022-08-22 10:36:10.532  INFO 18064 --- [SpringApplicationShutdownHook] com.zaxxer.hikari.HikariDataSource       : HikariPool-1 - Shutdown completed.
2022-08-22 10:58:35.653  INFO 13712 --- [restartedMain] com.example.blognpc.BlogNpcApplication   : Starting BlogNpcApplication using Java 11.0.16 on DESKTOP-GH2OOK7 with PID 13712 (D:\IdeaProjects\npc-blog\target\classes started by NPC in D:\IdeaProjects\npc-blog)
2022-08-22 10:58:35.654  INFO 13712 --- [restartedMain] com.example.blognpc.BlogNpcApplication   : No active profile set, falling back to 1 default profile: "default"
2022-08-22 10:58:35.691  INFO 13712 --- [restartedMain] .e.DevToolsPropertyDefaultsPostProcessor : Devtools property defaults active! Set 'spring.devtools.add-properties' to 'false' to disable
2022-08-22 10:58:35.692  INFO 13712 --- [restartedMain] .e.DevToolsPropertyDefaultsPostProcessor : For additional web related logging consider setting the 'logging.level.web' property to 'DEBUG'
2022-08-22 10:58:36.492  INFO 13712 --- [restartedMain] o.s.c.a.ConfigurationClassEnhancer       : @Bean method SwaggerAutoConfiguration.docketBeanFactoryPostProcessor is non-static and returns an object assignable to Spring's BeanFactoryPostProcessor interface. This will result in a failure to process annotations such as @Autowired, @Resource and @PostConstruct within the method's declaring @Configuration class. Add the 'static' modifier to this method to avoid these container lifecycle issues; see @Bean javadoc for complete details.
2022-08-22 10:58:36.830  INFO 13712 --- [restartedMain] o.s.b.w.embedded.tomcat.TomcatWebServer  : Tomcat initialized with port(s): 8887 (http)
2022-08-22 10:58:36.839  INFO 13712 --- [restartedMain] o.apache.catalina.core.StandardService   : Starting service [Tomcat]
2022-08-22 10:58:36.840  INFO 13712 --- [restartedMain] org.apache.catalina.core.StandardEngine  : Starting Servlet engine: [Apache Tomcat/9.0.65]
2022-08-22 10:58:36.940  INFO 13712 --- [restartedMain] o.a.c.c.C.[Tomcat].[localhost].[/]       : Initializing Spring embedded WebApplicationContext
2022-08-22 10:58:36.940  INFO 13712 --- [restartedMain] w.s.c.ServletWebServerApplicationContext : Root WebApplicationContext: initialization completed in 1248 ms
2022-08-22 10:58:37.972  INFO 13712 --- [restartedMain] o.s.b.d.a.OptionalLiveReloadServer       : LiveReload server is running on port 35729
2022-08-22 10:58:37.989  INFO 13712 --- [restartedMain] o.s.b.a.w.s.WelcomePageHandlerMapping    : Adding welcome page template: index
2022-08-22 10:58:38.181  INFO 13712 --- [restartedMain] o.s.b.w.embedded.tomcat.TomcatWebServer  : Tomcat started on port(s): 8887 (http) with context path ''
2022-08-22 10:58:38.315  WARN 13712 --- [restartedMain] s.d.s.w.r.parameter.ParameterTypeReader  : @ModelAttribute annotated parameters should have already been expanded via the ExpandedParameterBuilderPlugin
2022-08-22 10:58:38.316  WARN 13712 --- [restartedMain] s.d.s.w.r.parameter.ParameterTypeReader  : @ModelAttribute annotated parameters should have already been expanded via the ExpandedParameterBuilderPlugin
2022-08-22 10:58:38.316  WARN 13712 --- [restartedMain] s.d.s.w.r.parameter.ParameterTypeReader  : @ModelAttribute annotated parameters should have already been expanded via the ExpandedParameterBuilderPlugin
2022-08-22 10:58:38.343  INFO 13712 --- [restartedMain] com.example.blognpc.BlogNpcApplication   : Started BlogNpcApplication in 2.969 seconds (JVM running for 3.891)
2022-08-22 10:58:38.528  INFO 13712 --- [http-nio-8887-exec-1] o.a.c.c.C.[Tomcat].[localhost].[/]       : Initializing Spring DispatcherServlet 'dispatcherServlet'
2022-08-22 10:58:38.529  INFO 13712 --- [http-nio-8887-exec-1] o.s.web.servlet.DispatcherServlet        : Initializing Servlet 'dispatcherServlet'
2022-08-22 10:58:38.530  INFO 13712 --- [http-nio-8887-exec-1] o.s.web.servlet.DispatcherServlet        : Completed initialization in 1 ms
2022-08-22 10:58:38.812  WARN 13712 --- [http-nio-8887-exec-1] o.a.c.util.SessionIdGeneratorBase        : Creation of SecureRandom instance for session ID generation using [SHA1PRNG] took [271] milliseconds.
2022-08-22 11:34:55.601  INFO 13712 --- [restartedMain] com.example.blognpc.BlogNpcApplication   : Starting BlogNpcApplication using Java 11.0.16 on DESKTOP-GH2OOK7 with PID 13712 (D:\IdeaProjects\npc-blog\target\classes started by NPC in D:\IdeaProjects\npc-blog)
2022-08-22 11:34:55.601  INFO 13712 --- [restartedMain] com.example.blognpc.BlogNpcApplication   : No active profile set, falling back to 1 default profile: "default"
2022-08-22 11:34:55.955  INFO 13712 --- [restartedMain] o.s.c.a.ConfigurationClassEnhancer       : @Bean method SwaggerAutoConfiguration.docketBeanFactoryPostProcessor is non-static and returns an object assignable to Spring's BeanFactoryPostProcessor interface. This will result in a failure to process annotations such as @Autowired, @Resource and @PostConstruct within the method's declaring @Configuration class. Add the 'static' modifier to this method to avoid these container lifecycle issues; see @Bean javadoc for complete details.
2022-08-22 11:34:55.999  INFO 13712 --- [restartedMain] o.s.b.w.embedded.tomcat.TomcatWebServer  : Tomcat initialized with port(s): 8887 (http)
2022-08-22 11:34:56.000  INFO 13712 --- [restartedMain] o.apache.catalina.core.StandardService   : Starting service [Tomcat]
2022-08-22 11:34:56.000  INFO 13712 --- [restartedMain] org.apache.catalina.core.StandardEngine  : Starting Servlet engine: [Apache Tomcat/9.0.65]
2022-08-22 11:34:56.023  INFO 13712 --- [restartedMain] o.a.c.c.C.[Tomcat].[localhost].[/]       : Initializing Spring embedded WebApplicationContext
2022-08-22 11:34:56.023  INFO 13712 --- [restartedMain] w.s.c.ServletWebServerApplicationContext : Root WebApplicationContext: initialization completed in 419 ms
2022-08-22 11:34:56.485  INFO 13712 --- [restartedMain] o.s.b.d.a.OptionalLiveReloadServer       : LiveReload server is running on port 35729
2022-08-22 11:34:56.490  INFO 13712 --- [restartedMain] o.s.b.a.w.s.WelcomePageHandlerMapping    : Adding welcome page template: index
2022-08-22 11:34:56.538  INFO 13712 --- [restartedMain] o.s.b.w.embedded.tomcat.TomcatWebServer  : Tomcat started on port(s): 8887 (http) with context path ''
2022-08-22 11:34:56.552  INFO 13712 --- [http-nio-8887-exec-1] o.a.c.c.C.[Tomcat].[localhost].[/]       : Initializing Spring DispatcherServlet 'dispatcherServlet'
2022-08-22 11:34:56.554  INFO 13712 --- [http-nio-8887-exec-1] o.s.web.servlet.DispatcherServlet        : Initializing Servlet 'dispatcherServlet'
2022-08-22 11:34:56.555  INFO 13712 --- [http-nio-8887-exec-1] o.s.web.servlet.DispatcherServlet        : Completed initialization in 1 ms
2022-08-22 11:34:56.594  WARN 13712 --- [restartedMain] s.d.s.w.r.parameter.ParameterTypeReader  : @ModelAttribute annotated parameters should have already been expanded via the ExpandedParameterBuilderPlugin
2022-08-22 11:34:56.595  WARN 13712 --- [restartedMain] s.d.s.w.r.parameter.ParameterTypeReader  : @ModelAttribute annotated parameters should have already been expanded via the ExpandedParameterBuilderPlugin
2022-08-22 11:34:56.595  WARN 13712 --- [restartedMain] s.d.s.w.r.parameter.ParameterTypeReader  : @ModelAttribute annotated parameters should have already been expanded via the ExpandedParameterBuilderPlugin
2022-08-22 11:34:56.629  INFO 13712 --- [restartedMain] com.example.blognpc.BlogNpcApplication   : Started BlogNpcApplication in 1.049 seconds (JVM running for 2182.176)
2022-08-22 11:34:56.633  INFO 13712 --- [restartedMain] .ConditionEvaluationDeltaLoggingListener : Condition evaluation unchanged
2022-08-22 11:34:58.362  INFO 13712 --- [restartedMain] com.example.blognpc.BlogNpcApplication   : Starting BlogNpcApplication using Java 11.0.16 on DESKTOP-GH2OOK7 with PID 13712 (D:\IdeaProjects\npc-blog\target\classes started by NPC in D:\IdeaProjects\npc-blog)
2022-08-22 11:34:58.363  INFO 13712 --- [restartedMain] com.example.blognpc.BlogNpcApplication   : No active profile set, falling back to 1 default profile: "default"
2022-08-22 11:34:58.581  INFO 13712 --- [restartedMain] o.s.c.a.ConfigurationClassEnhancer       : @Bean method SwaggerAutoConfiguration.docketBeanFactoryPostProcessor is non-static and returns an object assignable to Spring's BeanFactoryPostProcessor interface. This will result in a failure to process annotations such as @Autowired, @Resource and @PostConstruct within the method's declaring @Configuration class. Add the 'static' modifier to this method to avoid these container lifecycle issues; see @Bean javadoc for complete details.
2022-08-22 11:34:58.610  INFO 13712 --- [restartedMain] o.s.b.w.embedded.tomcat.TomcatWebServer  : Tomcat initialized with port(s): 8887 (http)
2022-08-22 11:34:58.610  INFO 13712 --- [restartedMain] o.apache.catalina.core.StandardService   : Starting service [Tomcat]
2022-08-22 11:34:58.610  INFO 13712 --- [restartedMain] org.apache.catalina.core.StandardEngine  : Starting Servlet engine: [Apache Tomcat/9.0.65]
2022-08-22 11:34:58.627  INFO 13712 --- [restartedMain] o.a.c.c.C.[Tomcat].[localhost].[/]       : Initializing Spring embedded WebApplicationContext
2022-08-22 11:34:58.627  INFO 13712 --- [restartedMain] w.s.c.ServletWebServerApplicationContext : Root WebApplicationContext: initialization completed in 263 ms
2022-08-22 11:34:58.993  INFO 13712 --- [restartedMain] o.s.b.d.a.OptionalLiveReloadServer       : LiveReload server is running on port 35729
2022-08-22 11:34:58.997  INFO 13712 --- [restartedMain] o.s.b.a.w.s.WelcomePageHandlerMapping    : Adding welcome page template: index
2022-08-22 11:34:59.042  INFO 13712 --- [restartedMain] o.s.b.w.embedded.tomcat.TomcatWebServer  : Tomcat started on port(s): 8887 (http) with context path ''
2022-08-22 11:34:59.078  WARN 13712 --- [restartedMain] s.d.s.w.r.parameter.ParameterTypeReader  : @ModelAttribute annotated parameters should have already been expanded via the ExpandedParameterBuilderPlugin
2022-08-22 11:34:59.078  WARN 13712 --- [restartedMain] s.d.s.w.r.parameter.ParameterTypeReader  : @ModelAttribute annotated parameters should have already been expanded via the ExpandedParameterBuilderPlugin
2022-08-22 11:34:59.078  WARN 13712 --- [restartedMain] s.d.s.w.r.parameter.ParameterTypeReader  : @ModelAttribute annotated parameters should have already been expanded via the ExpandedParameterBuilderPlugin
2022-08-22 11:34:59.091  INFO 13712 --- [restartedMain] com.example.blognpc.BlogNpcApplication   : Started BlogNpcApplication in 0.746 seconds (JVM running for 2184.639)
2022-08-22 11:34:59.092  INFO 13712 --- [restartedMain] .ConditionEvaluationDeltaLoggingListener : Condition evaluation unchanged
2022-08-22 11:34:59.122  INFO 13712 --- [http-nio-8887-exec-1] o.a.c.c.C.[Tomcat].[localhost].[/]       : Initializing Spring DispatcherServlet 'dispatcherServlet'
2022-08-22 11:34:59.123  INFO 13712 --- [http-nio-8887-exec-1] o.s.web.servlet.DispatcherServlet        : Initializing Servlet 'dispatcherServlet'
2022-08-22 11:34:59.124  INFO 13712 --- [http-nio-8887-exec-1] o.s.web.servlet.DispatcherServlet        : Completed initialization in 1 ms
2022-08-22 11:35:28.596  INFO 13712 --- [restartedMain] com.example.blognpc.BlogNpcApplication   : Starting BlogNpcApplication using Java 11.0.16 on DESKTOP-GH2OOK7 with PID 13712 (D:\IdeaProjects\npc-blog\target\classes started by NPC in D:\IdeaProjects\npc-blog)
2022-08-22 11:35:28.597  INFO 13712 --- [restartedMain] com.example.blognpc.BlogNpcApplication   : No active profile set, falling back to 1 default profile: "default"
2022-08-22 11:35:28.861  INFO 13712 --- [restartedMain] o.s.c.a.ConfigurationClassEnhancer       : @Bean method SwaggerAutoConfiguration.docketBeanFactoryPostProcessor is non-static and returns an object assignable to Spring's BeanFactoryPostProcessor interface. This will result in a failure to process annotations such as @Autowired, @Resource and @PostConstruct within the method's declaring @Configuration class. Add the 'static' modifier to this method to avoid these container lifecycle issues; see @Bean javadoc for complete details.
2022-08-22 11:35:28.893  INFO 13712 --- [restartedMain] o.s.b.w.embedded.tomcat.TomcatWebServer  : Tomcat initialized with port(s): 8887 (http)
2022-08-22 11:35:28.894  INFO 13712 --- [restartedMain] o.apache.catalina.core.StandardService   : Starting service [Tomcat]
2022-08-22 11:35:28.895  INFO 13712 --- [restartedMain] org.apache.catalina.core.StandardEngine  : Starting Servlet engine: [Apache Tomcat/9.0.65]
2022-08-22 11:35:28.910  INFO 13712 --- [restartedMain] o.a.c.c.C.[Tomcat].[localhost].[/]       : Initializing Spring embedded WebApplicationContext
2022-08-22 11:35:28.910  INFO 13712 --- [restartedMain] w.s.c.ServletWebServerApplicationContext : Root WebApplicationContext: initialization completed in 311 ms
2022-08-22 11:35:29.302  INFO 13712 --- [restartedMain] o.s.b.d.a.OptionalLiveReloadServer       : LiveReload server is running on port 35729
2022-08-22 11:35:29.306  INFO 13712 --- [restartedMain] o.s.b.a.w.s.WelcomePageHandlerMapping    : Adding welcome page template: index
2022-08-22 11:35:29.352  INFO 13712 --- [restartedMain] o.s.b.w.embedded.tomcat.TomcatWebServer  : Tomcat started on port(s): 8887 (http) with context path ''
2022-08-22 11:35:29.370  INFO 13712 --- [http-nio-8887-exec-1] o.a.c.c.C.[Tomcat].[localhost].[/]       : Initializing Spring DispatcherServlet 'dispatcherServlet'
2022-08-22 11:35:29.371  INFO 13712 --- [http-nio-8887-exec-1] o.s.web.servlet.DispatcherServlet        : Initializing Servlet 'dispatcherServlet'
2022-08-22 11:35:29.372  INFO 13712 --- [http-nio-8887-exec-1] o.s.web.servlet.DispatcherServlet        : Completed initialization in 1 ms
2022-08-22 11:35:29.392  WARN 13712 --- [restartedMain] s.d.s.w.r.parameter.ParameterTypeReader  : @ModelAttribute annotated parameters should have already been expanded via the ExpandedParameterBuilderPlugin
2022-08-22 11:35:29.393  WARN 13712 --- [restartedMain] s.d.s.w.r.parameter.ParameterTypeReader  : @ModelAttribute annotated parameters should have already been expanded via the ExpandedParameterBuilderPlugin
2022-08-22 11:35:29.393  WARN 13712 --- [restartedMain] s.d.s.w.r.parameter.ParameterTypeReader  : @ModelAttribute annotated parameters should have already been expanded via the ExpandedParameterBuilderPlugin
2022-08-22 11:35:29.407  INFO 13712 --- [restartedMain] com.example.blognpc.BlogNpcApplication   : Started BlogNpcApplication in 0.831 seconds (JVM running for 2214.954)
2022-08-22 11:35:29.410  INFO 13712 --- [restartedMain] .ConditionEvaluationDeltaLoggingListener : Condition evaluation unchanged
